<?xml version="1.0" encoding="UTF-8"?>
<!-- Generated by org.testng.reporters.JUnitReportReporter -->
<testsuite hostname="Ummas-MacBook-Air.local" failures="0" tests="3" name="com.google.runners.TestRunner" time="15.320" errors="0" timestamp="27 Nov 2022 18:38:48 GMT" skipped="0">
  <testcase classname="com.google.runners.TestRunner" name="runScenario" time="3.521"/>
  <testcase classname="com.google.runners.TestRunner" name="runScenario" time="6.436"/>
  <testcase classname="com.google.runners.TestRunner" name="runScenario" time="5.363"/>
</testsuite> <!-- com.google.runners.TestRunner -->
